1506116057207	geckodriver	INFO	geckodriver 0.19.0
1506116058073	geckodriver	INFO	Listening on 127.0.0.1:60666
1506116061179	mozrunner::runner	INFO	Running command: "C:\\Program Files\\Mozilla Firefox\\firefox.exe" "-marionette" "-profile" "C:\\Users\\lexmy\\AppData\\Local\\Temp\\rust_mozprofile.vlMNL28D9q3f"
1506116063206	addons.xpi	WARN	Error parsing extensions state: [Exception... "Component returned failure code: 0x80520012 (NS_ERROR_FILE_NOT_FOUND) [amIAddonManagerStartup.readStartupData]"  nsresult: "0x80520012 (NS_ERROR_FILE_NOT_FOUND)"  location: "JS frame :: resource://gre/modules/addons/XPIProvider.jsm :: loadExtensionState :: line 1596"  data: no] Stack trace: loadExtensionState()@resource://gre/modules/addons/XPIProvider.jsm:1596 < getInstallState()@resource://gre/modules/addons/XPIProvider.jsm:1631 < checkForChanges()@resource://gre/modules/addons/XPIProvider.jsm:3152 < startup()@resource://gre/modules/addons/XPIProvider.jsm:2246 < callProvider()@resource://gre/modules/AddonManager.jsm:271 < _startProvider()@resource://gre/modules/AddonManager.jsm:741 < startup()@resource://gre/modules/AddonManager.jsm:908 < startup()@resource://gre/modules/AddonManager.jsm:3122 < observe()@jar:file:///C:/Program%20Files/Mozilla%20Firefox/omni.ja!/components/addonManager.js:65
1506116065677	Marionette	INFO	Enabled via --marionette
Unable to read VR Path Registry from C:\Users\lexmy\AppData\Local\openvr\openvrpaths.vrpath
JavaScript error: resource:///modules/ExtensionsUI.jsm, line 50: TypeError: RecentWindow.getMostRecentBrowserWindow(...) is null
1506116076286	addons.productaddons	ERROR	Request failed certificate checks: [Exception... "Certificate checks failed. See previous errors for details."  nsresult: "0x80070057 (NS_ERROR_ILLEGAL_VALUE)"  location: "JS frame :: resource://gre/modules/CertUtils.jsm :: validateCert :: line 113"  data: no]
1506116077165	Marionette	INFO	Listening on port 60675
1506116077234	Marionette	INFO	Listening on port 60675
1506116077681	Marionette	WARN	TLS certificate errors will be ignored for this session
1506116077806	Marionette	DEBUG	loaded listener.js
1506116077920	Marionette	DEBUG	Received DOM event "beforeunload" for "about:blank"
1506116078194	Marionette	DEBUG	Received DOM event "pagehide" for "about:blank"
1506116078195	Marionette	DEBUG	Received DOM event "unload" for "about:blank"
1506116078205	Marionette	DEBUG	Received DOM event "DOMContentLoaded" for "http://localhost:8000/"
1506116078632	Marionette	DEBUG	Received DOM event "pageshow" for "http://localhost:8000/"
1506116113672	geckodriver	INFO	geckodriver 0.19.0
1506116113678	geckodriver	INFO	Listening on 127.0.0.1:60726
1506116113994	mozrunner::runner	INFO	Running command: "/usr/bin/firefox" "-marionette" "-profile" "/tmp/rust_mozprofile.RcWuZ0MG7jAj"
1506116115614	Marionette	INFO	Enabled via --marionette
1506116121097	Marionette	INFO	Listening on port 60730
1506116121125	Marionette	INFO	Listening on port 60730
1506116121176	Marionette	WARN	TLS certificate errors will be ignored for this session
1506116121266	Marionette	DEBUG	loaded listener.js
1506116121365	Marionette	DEBUG	Received DOM event "beforeunload" for "about:blank"
1506116122718	Marionette	DEBUG	Received DOM event "beforeunload" for "about:blank"
1506116122733	Marionette	DEBUG	Received DOM event "pagehide" for "about:blank"
1506116122734	Marionette	DEBUG	Received DOM event "unload" for "about:blank"
1506116123237	Marionette	DEBUG	Received DOM event "DOMContentLoaded" for "about:neterror?e=connectionFailure&u=http%3A//localhost%3A8000/&c=UTF-8&f=regular&d=Firefox%20can%E2%80%99t%20establish%20a%20connection%20to%20the%20server%20at%20localhost%3A8000."
